<?xml version="1.0" encoding="UTF-8"?>
<!-- Generated by org.testng.reporters.JUnitReportReporter -->
<testsuite hostname="pcAliiif" failures="0" tests="2" name="com.tunisianet.TestCases.TestHomePage" time="14.363" errors="0" timestamp="2025-03-27T22:01:27 CET" skipped="0">
  <testcase classname="com.tunisianet.TestCases.TestHomePage" name="tunisiaNetLogoTest" time="4.600"/>
  <system-out/>
  <testcase classname="com.tunisianet.TestCases.TestHomePage" name="verifTittle" time="9.763"/>
  <system-out/>
</testsuite> <!-- com.tunisianet.TestCases.TestHomePage -->
