<?xml version="1.0" encoding="UTF-8"?>
<!-- Generated by org.testng.reporters.JUnitReportReporter -->
<testsuite hostname="pcAliiif" failures="0" tests="2" name="com.tunisianet.TestCases.TestHomePage" time="6.099" errors="0" timestamp="2025-03-29T19:05:44 CET" skipped="0">
  <testcase classname="com.tunisianet.TestCases.TestHomePage" name="verifTittle" time="2.827"/>
  <system-out/>
  <testcase classname="com.tunisianet.TestCases.TestHomePage" name="tunisiaNetLogoTest" time="3.272"/>
  <system-out/>
</testsuite> <!-- com.tunisianet.TestCases.TestHomePage -->
