<?xml version="1.0" encoding="UTF-8"?>
<!-- Generated by org.testng.reporters.JUnitReportReporter -->
<testsuite hostname="pcAliiif" failures="0" tests="1" name="com.tunisianet.TestCases.loginPageTest" time="6.750" errors="0" timestamp="2025-03-29T21:31:27 CET" skipped="0">
  <testcase classname="com.tunisianet.TestCases.loginPageTest" name="connexion" time="6.750"/>
  <system-out/>
</testsuite> <!-- com.tunisianet.TestCases.loginPageTest -->
